<?xml version="1.0" encoding="UTF-8"?>
<testsuite name="com.board.DockerTestApplicationTests" tests="1" skipped="0" failures="0" errors="0" timestamp="2020-04-25T16:43:44" hostname="DESKTOP-JHH0BDU" time="0.333">
  <properties/>
  <testcase name="contextLoads()" classname="com.board.DockerTestApplicationTests" time="0.333"/>
  <system-out><![CDATA[01:43:37.008 [Test worker] DEBUG org.springframework.test.context.BootstrapUtils - Instantiating CacheAwareContextLoaderDelegate from class [org.springframework.test.context.cache.DefaultCacheAwareContextLoaderDelegate]
01:43:37.025 [Test worker] DEBUG org.springframework.test.context.BootstrapUtils - Instantiating BootstrapContext using constructor [public org.springframework.test.context.support.DefaultBootstrapContext(java.lang.Class,org.springframework.test.context.CacheAwareContextLoaderDelegate)]
01:43:37.062 [Test worker] DEBUG org.springframework.test.context.BootstrapUtils - Instantiating TestContextBootstrapper for test class [com.board.DockerTestApplicationTests] from class [org.springframework.boot.test.context.SpringBootTestContextBootstrapper]
01:43:37.085 [Test worker] INFO org.springframework.boot.test.context.SpringBootTestContextBootstrapper - Neither @ContextConfiguration nor @ContextHierarchy found for test class [com.board.DockerTestApplicationTests], using SpringBootContextLoader
01:43:37.089 [Test worker] DEBUG org.springframework.test.context.support.AbstractContextLoader - Did not detect default resource location for test class [com.board.DockerTestApplicationTests]: class path resource [com/board/DockerTestApplicationTests-context.xml] does not exist
01:43:37.090 [Test worker] DEBUG org.springframework.test.context.support.AbstractContextLoader - Did not detect default resource location for test class [com.board.DockerTestApplicationTests]: class path resource [com/board/DockerTestApplicationTestsContext.groovy] does not exist
01:43:37.090 [Test worker] INFO org.springframework.test.context.support.AbstractContextLoader - Could not detect default resource locations for test class [com.board.DockerTestApplicationTests]: no resource found for suffixes {-context.xml, Context.groovy}.
01:43:37.091 [Test worker] INFO org.springframework.test.context.support.AnnotationConfigContextLoaderUtils - Could not detect default configuration classes for test class [com.board.DockerTestApplicationTests]: DockerTestApplicationTests does not declare any static, non-private, non-final, nested classes annotated with @Configuration.
01:43:37.141 [Test worker] DEBUG org.springframework.test.context.support.ActiveProfilesUtils - Could not find an 'annotation declaring class' for annotation type [org.springframework.test.context.ActiveProfiles] and class [com.board.DockerTestApplicationTests]
01:43:37.239 [Test worker] DEBUG org.springframework.context.annotation.ClassPathScanningCandidateComponentProvider - Identified candidate component class: file [C:\springboot_react\docker-test\build\classes\java\main\com\board\DockerTestApplication.class]
01:43:37.241 [Test worker] INFO org.springframework.boot.test.context.SpringBootTestContextBootstrapper - Found @SpringBootConfiguration com.board.DockerTestApplication for test class com.board.DockerTestApplicationTests
01:43:37.372 [Test worker] DEBUG org.springframework.boot.test.context.SpringBootTestContextBootstrapper - @TestExecutionListeners is not present for class [com.board.DockerTestApplicationTests]: using defaults.
01:43:37.372 [Test worker] INFO org.springframework.boot.test.context.SpringBootTestContextBootstrapper - Loaded default TestExecutionListener class names from location [META-INF/spring.factories]: [org.springframework.boot.test.autoconfigure.restdocs.RestDocsTestExecutionListener, org.springframework.boot.test.autoconfigure.web.client.MockRestServiceServerResetTestExecutionListener, org.springframework.boot.test.autoconfigure.web.servlet.MockMvcPrintOnlyOnFailureTestExecutionListener, org.springframework.boot.test.autoconfigure.web.servlet.WebDriverTestExecutionListener, org.springframework.boot.test.mock.mockito.MockitoTestExecutionListener, org.springframework.boot.test.mock.mockito.ResetMocksTestExecutionListener, org.springframework.test.context.web.ServletTestExecutionListener, org.springframework.test.context.support.DirtiesContextBeforeModesTestExecutionListener, org.springframework.test.context.support.DependencyInjectionTestExecutionListener, org.springframework.test.context.support.DirtiesContextTestExecutionListener, org.springframework.test.context.transaction.TransactionalTestExecutionListener, org.springframework.test.context.jdbc.SqlScriptsTestExecutionListener, org.springframework.test.context.event.EventPublishingTestExecutionListener]
01:43:37.397 [Test worker] INFO org.springframework.boot.test.context.SpringBootTestContextBootstrapper - Using TestExecutionListeners: [org.springframework.test.context.web.ServletTestExecutionListener@4d99706, org.springframework.test.context.support.DirtiesContextBeforeModesTestExecutionListener@17f9a5e2, org.springframework.boot.test.mock.mockito.MockitoTestExecutionListener@271240d8, org.springframework.boot.test.autoconfigure.SpringBootDependencyInjectionTestExecutionListener@728ef67f, org.springframework.test.context.support.DirtiesContextTestExecutionListener@3a273e8f, org.springframework.test.context.transaction.TransactionalTestExecutionListener@60ab4a9c, org.springframework.test.context.jdbc.SqlScriptsTestExecutionListener@558ac2d1, org.springframework.test.context.event.EventPublishingTestExecutionListener@50b2eb11, org.springframework.boot.test.autoconfigure.restdocs.RestDocsTestExecutionListener@53e264ce, org.springframework.boot.test.autoconfigure.web.client.MockRestServiceServerResetTestExecutionListener@69a73b84, org.springframework.boot.test.autoconfigure.web.servlet.MockMvcPrintOnlyOnFailureTestExecutionListener@6ab8f02b, org.springframework.boot.test.autoconfigure.web.servlet.WebDriverTestExecutionListener@2d15740e, org.springframework.boot.test.mock.mockito.ResetMocksTestExecutionListener@6d91a176]
01:43:37.403 [Test worker] DEBUG org.springframework.test.context.support.AbstractDirtiesContextTestExecutionListener - Before test class: context [DefaultTestContext@3275f147 testClass = DockerTestApplicationTests, testInstance = [null], testMethod = [null], testException = [null], mergedContextConfiguration = [WebMergedContextConfiguration@1c8d51b2 testClass = DockerTestApplicationTests, locations = '{}', classes = '{class com.board.DockerTestApplication}', contextInitializerClasses = '[]', activeProfiles = '{}', propertySourceLocations = '{}', propertySourceProperties = '{org.springframework.boot.test.context.SpringBootTestContextBootstrapper=true}', contextCustomizers = set[org.springframework.boot.test.autoconfigure.properties.PropertyMappingContextCustomizer@0, org.springframework.boot.test.autoconfigure.web.servlet.WebDriverContextCustomizerFactory$Customizer@1013158a, org.springframework.boot.test.context.filter.ExcludeFilterContextCustomizer@22f05993, org.springframework.boot.test.json.DuplicateJsonObjectContextCustomizerFactory$DuplicateJsonObjectContextCustomizer@15cb1e6c, org.springframework.boot.test.mock.mockito.MockitoContextCustomizer@0, org.springframework.boot.test.web.client.TestRestTemplateContextCustomizer@45a3da8d], resourceBasePath = 'src/main/webapp', contextLoader = 'org.springframework.boot.test.context.SpringBootContextLoader', parent = [null]], attributes = map['org.springframework.test.context.web.ServletTestExecutionListener.activateListener' -> true]], class annotated with @DirtiesContext [false] with mode [null].
01:43:37.444 [Test worker] DEBUG org.springframework.test.context.support.TestPropertySourceUtils - Adding inlined properties to environment: {spring.jmx.enabled=false, org.springframework.boot.test.context.SpringBootTestContextBootstrapper=true, server.port=-1}

  .   ____          _            __ _ _
 /\\ / ___'_ __ _ _(_)_ __  __ _ \ \ \ \
( ( )\___ | '_ | '_| | '_ \/ _` | \ \ \ \
 \\/  ___)| |_)| | | | | || (_| |  ) ) ) )
  '  |____| .__|_| |_|_| |_\__, | / / / /
 =========|_|==============|___/=/_/_/_/
 :: Spring Boot ::        (v2.2.6.RELEASE)

2020-04-26 01:43:37.854  INFO 15152 --- [    Test worker] com.board.DockerTestApplicationTests     : Starting DockerTestApplicationTests on DESKTOP-JHH0BDU with PID 15152 (started by qwefk in C:\springboot_react\docker-test)
2020-04-26 01:43:37.856  INFO 15152 --- [    Test worker] com.board.DockerTestApplicationTests     : No active profile set, falling back to default profiles: default
2020-04-26 01:43:39.643  INFO 15152 --- [    Test worker] com.zaxxer.hikari.HikariDataSource       : HikariPool-1 - Starting...
2020-04-26 01:43:42.662  INFO 15152 --- [    Test worker] com.zaxxer.hikari.HikariDataSource       : HikariPool-1 - Start completed.
2020-04-26 01:43:43.843  INFO 15152 --- [    Test worker] o.s.s.concurrent.ThreadPoolTaskExecutor  : Initializing ExecutorService 'applicationTaskExecutor'
2020-04-26 01:43:44.685  INFO 15152 --- [    Test worker] o.s.b.a.h2.H2ConsoleAutoConfiguration    : H2 console available at '/h2-console'. Database available at 'jdbc:mysql://management-tutorial.ccgxmy3lrzke.us-east-2.rds.amazonaws.com:3306/board'
2020-04-26 01:43:44.929  INFO 15152 --- [    Test worker] com.board.DockerTestApplicationTests     : Started DockerTestApplicationTests in 7.471 seconds (JVM running for 9.29)
]]></system-out>
  <system-err><![CDATA[]]></system-err>
</testsuite>
